Start testing: Nov 25 15:25 Rom, normaltid
----------------------------------------------------------
1/1 Testing: usage_test
1/1 Test: usage_test
Command: "C:/Users/nasri/Documents/C C++/assignment-12-NasrinRose/build/tests/tests.exe"
Directory: C:/Users/nasri/Documents/C C++/assignment-12-NasrinRose/build/tests
"usage_test" start time: Nov 25 15:25 Rom, normaltid
Output:
----------------------------------------------------------
===============================================================================
All tests passed (6 assertions in 2 test cases)

<end of output>
Test time =   0.04 sec
----------------------------------------------------------
Test Passed.
"usage_test" end time: Nov 25 15:25 Rom, normaltid
"usage_test" time elapsed: 00:00:00
----------------------------------------------------------

End testing: Nov 25 15:25 Rom, normaltid
